bernardo@bernardo-Lenovo-B590:~/Docker$ sudo docker compose logs -f
geth    | INFO [11-30|02:42:35.444] Starting Geth on Ethereum mainnet...
geth    | INFO [11-30|02:42:35.465] Maximum peer count                       ETH=30 total=30
geth    | INFO [11-30|02:42:35.477] Smartcard socket not found, disabling    err="stat /run/pcscd/pcscd.comm: no such file or directory"
geth    | INFO [11-30|02:42:35.479] Using pebble as db engine
geth    | INFO [11-30|02:42:35.533] Set global gas cap                       cap=50,000,000
geth    | INFO [11-30|02:42:35.534] Initializing the KZG library             backend=gokzg
geth    | INFO [11-30|02:42:35.767] Allocated trie memory caches             clean=76.00MiB dirty=128.00MiB
geth    | INFO [11-30|02:42:35.794] Using pebble as the backing database
geth    | INFO [11-30|02:42:35.794] Allocated cache and file handles         database=/root/.ethereum/geth/chaindata cache=256.00MiB handles=262,144
geth    | INFO [11-30|02:44:01.002] Opened ancient database                  database=/root/.ethereum/geth/chaindata/ancient/chain readonly=false
geth    | INFO [11-30|02:44:02.303] State scheme set to already existing     scheme=path
geth    | INFO [11-30|02:44:02.667] Initialising Ethereum protocol           network=1 dbversion=8
geth    | INFO [11-30|02:44:03.025] Failed to load journal, discard it       err="unmatched journal want d7f8974fb5ac78d9ac099b9ad5018bedc2ce0a72dad1827a1709da30580f0544 got 56e81f171bcc55a6ff8345e692c0f86e5b48e01b996cadc001622fb5e363b421"
geth    | INFO [11-30|02:44:03.898] Opened ancient database                  database=/root/.ethereum/geth/chaindata/ancient/state readonly=false
geth    | INFO [11-30|02:44:03.898] Disabled trie database due to state sync
geth    | INFO [11-30|02:44:03.898] Initialized path database                cache=76.00MiB buffer=128.00MiB history=90000
geth    | INFO [11-30|02:44:04.246] 
geth    | INFO [11-30|02:44:04.247] ---------------------------------------------------------------------------------------------------------------------------------------------------------
geth    | INFO [11-30|02:44:04.247] Chain ID:  1 (mainnet)
geth    | INFO [11-30|02:44:04.247] Consensus: Beacon (proof-of-stake), merged from Ethash (proof-of-work)
geth    | INFO [11-30|02:44:04.247] 
geth    | INFO [11-30|02:44:04.247] Pre-Merge hard forks (block based):
geth    | INFO [11-30|02:44:04.247]  - Homestead:                   #1150000  (https://github.com/ethereum/execution-specs/blob/master/network-upgrades/mainnet-upgrades/homestead.md)
geth    | INFO [11-30|02:44:04.247]  - DAO Fork:                    #1920000  (https://github.com/ethereum/execution-specs/blob/master/network-upgrades/mainnet-upgrades/dao-fork.md)
geth    | INFO [11-30|02:44:04.247]  - Tangerine Whistle (EIP 150): #2463000  (https://github.com/ethereum/execution-specs/blob/master/network-upgrades/mainnet-upgrades/tangerine-whistle.md)
geth    | INFO [11-30|02:44:04.247]  - Spurious Dragon/1 (EIP 155): #2675000  (https://github.com/ethereum/execution-specs/blob/master/network-upgrades/mainnet-upgrades/spurious-dragon.md)
geth    | INFO [11-30|02:44:04.247]  - Spurious Dragon/2 (EIP 158): #2675000  (https://github.com/ethereum/execution-specs/blob/master/network-upgrades/mainnet-upgrades/spurious-dragon.md)
geth    | INFO [11-30|02:44:04.247]  - Byzantium:                   #4370000  (https://github.com/ethereum/execution-specs/blob/master/network-upgrades/mainnet-upgrades/byzantium.md)
geth    | INFO [11-30|02:44:04.247]  - Constantinople:              #7280000  (https://github.com/ethereum/execution-specs/blob/master/network-upgrades/mainnet-upgrades/constantinople.md)
geth    | INFO [11-30|02:44:04.247]  - Petersburg:                  #7280000  (https://github.com/ethereum/execution-specs/blob/master/network-upgrades/mainnet-upgrades/petersburg.md)
geth    | INFO [11-30|02:44:04.247]  - Istanbul:                    #9069000  (https://github.com/ethereum/execution-specs/blob/master/network-upgrades/mainnet-upgrades/istanbul.md)
geth    | INFO [11-30|02:44:04.247]  - Muir Glacier:                #9200000  (https://github.com/ethereum/execution-specs/blob/master/network-upgrades/mainnet-upgrades/muir-glacier.md)
geth    | INFO [11-30|02:44:04.247]  - Berlin:                      #12244000 (https://github.com/ethereum/execution-specs/blob/master/network-upgrades/mainnet-upgrades/berlin.md)
geth    | INFO [11-30|02:44:04.247]  - London:                      #12965000 (https://github.com/ethereum/execution-specs/blob/master/network-upgrades/mainnet-upgrades/london.md)
geth    | INFO [11-30|02:44:04.247]  - Arrow Glacier:               #13773000 (https://github.com/ethereum/execution-specs/blob/master/network-upgrades/mainnet-upgrades/arrow-glacier.md)
geth    | INFO [11-30|02:44:04.247]  - Gray Glacier:                #15050000 (https://github.com/ethereum/execution-specs/blob/master/network-upgrades/mainnet-upgrades/gray-glacier.md)
geth    | INFO [11-30|02:44:04.247] 
geth    | INFO [11-30|02:44:04.247] Merge configured:
geth    | INFO [11-30|02:44:04.247]  - Hard-fork specification:    https://github.com/ethereum/execution-specs/blob/master/network-upgrades/mainnet-upgrades/paris.md
geth    | INFO [11-30|02:44:04.247]  - Network known to be merged
geth    | INFO [11-30|02:44:04.247]  - Total terminal difficulty:  58750000000000000000000
geth    | INFO [11-30|02:44:04.247] 
geth    | INFO [11-30|02:44:04.247] Post-Merge hard forks (timestamp based):
geth    | INFO [11-30|02:44:04.247]  - Shanghai:                    @1681338455 (https://github.com/ethereum/execution-specs/blob/master/network-upgrades/mainnet-upgrades/shanghai.md)
geth    | INFO [11-30|02:44:04.247]  - Cancun:                      @1710338135 (https://github.com/ethereum/execution-specs/blob/master/network-upgrades/mainnet-upgrades/cancun.md)
geth    | INFO [11-30|02:44:04.247] 
geth    | INFO [11-30|02:44:04.247] ---------------------------------------------------------------------------------------------------------------------------------------------------------
geth    | INFO [11-30|02:44:04.247] 
geth    | INFO [11-30|02:44:04.818] Loaded most recent local header          number=18,013,273 hash=5bac36..6d2f96 td=58,750,003,716,598,352,816,469 age=1y3mo1w
geth    | INFO [11-30|02:44:04.818] Loaded most recent local block           number=0          hash=d4e567..cb8fa3 td=17,179,869,184                 age=55y8mo2w
geth    | INFO [11-30|02:44:04.926] Loaded most recent local snap block      number=17,976,492 hash=0dbb38..6828a9 td=58,750,003,716,598,352,816,469 age=1y3mo2w
geth    | INFO [11-30|02:44:04.926] Loaded last snap-sync pivot marker       number=21,291,273
geth    | INFO [11-30|02:44:04.928] Genesis state is missing, wait state sync
geth    | WARN [11-30|02:44:05.270] Snapshot maintenance disabled (syncing)
geth    | INFO [11-30|02:44:05.270] Initialized transaction indexer          range="last 2350000 blocks"
geth    | INFO [11-30|02:44:05.271] Loaded local transaction journal         transactions=0 dropped=0
geth    | INFO [11-30|02:44:06.277] Enabled snap sync                        head=0 hash=d4e567..cb8fa3
geth    | INFO [11-30|02:44:06.278] Gasprice oracle is ignoring threshold set threshold=2
geth    | WARN [11-30|02:44:06.278] Unclean shutdown detected                booted=2024-11-25T15:07:37+0000 age=4d11h36m
geth    | WARN [11-30|02:44:06.278] Unclean shutdown detected                booted=2024-11-25T15:46:36+0000 age=4d10h57m
geth    | WARN [11-30|02:44:06.278] Unclean shutdown detected                booted=2024-11-26T12:33:44+0000 age=3d14h10m
geth    | WARN [11-30|02:44:06.278] Unclean shutdown detected                booted=2024-11-26T21:13:45+0000 age=3d5h30m
geth    | WARN [11-30|02:44:06.278] Unclean shutdown detected                booted=2024-11-28T11:46:01+0000 age=1d14h58m
geth    | WARN [11-30|02:44:06.278] Unclean shutdown detected                booted=2024-11-28T20:35:05+0000 age=1d6h9m
geth    | WARN [11-30|02:44:06.278] Unclean shutdown detected                booted=2024-11-29T06:09:27+0000 age=20h34m39s
geth    | WARN [11-30|02:44:06.279] Engine API enabled                       protocol=eth
geth    | INFO [11-30|02:44:06.279] Starting peer-to-peer node               instance=Geth/v1.14.13-unstable-6485d5e3-20241122/linux-amd64/go1.23.3
geth    | INFO [11-30|02:44:15.022] New local node record                    seq=1,732,537,760,029 id=f8d8345dbb351a77 ip=127.0.0.1 udp=30303 tcp=30303
geth    | INFO [11-30|02:44:17.152] Started P2P networking                   self=enode://ce2cc8259380a4bb446975fe4a40967e1c249635545872c0041f8e759532a8e9c89ed17db6364790d9851ba36b9a8df1b643b0f68b809da2a1a611ff76a37625@127.0.0.1:30303
geth    | INFO [11-30|02:44:17.214] IPC endpoint opened                      url=/root/.ethereum/geth.ipc
geth    | INFO [11-30|02:44:17.274] Loaded JWT secret file                   path=/root/.ethereum/geth/jwtsecret crc32=0xec5cf05
geth    | INFO [11-30|02:44:17.276] HTTP server started                      endpoint=[::]:8545 auth=false prefix= cors=* vhosts=localhost
geth    | INFO [11-30|02:44:17.277] WebSocket enabled                        url=ws://[::]:8551
geth    | INFO [11-30|02:44:17.277] HTTP server started                      endpoint=[::]:8551 auth=true  prefix= cors=localhost vhosts=*
geth    | INFO [11-30|02:44:20.539] New local node record                    seq=1,732,537,760,030 id=f8d8345dbb351a77 ip=190.17.30.146 udp=1242  tcp=30303
geth    | INFO [11-30|02:44:32.152] Looking for peers                        peercount=1 tried=60 static=0
geth    | WARN [11-30|02:44:41.280] Post-merge network, but no beacon client seen. Please launch one to follow the chain!
geth    | INFO [11-30|02:44:42.549] Looking for peers                        peercount=1 tried=50 static=0
geth    | INFO [11-30|02:44:52.642] Looking for peers                        peercount=0 tried=54 static=0
geth    | INFO [11-30|02:45:04.765] Looking for peers                        peercount=0 tried=26 static=0
geth    | INFO [11-30|02:45:15.409] Looking for peers                        peercount=1 tried=62 static=0
geth    | INFO [11-30|02:45:25.449] Looking for peers                        peercount=1 tried=23 static=0
geth    | INFO [11-30|02:45:35.569] Looking for peers                        peercount=1 tried=44 static=0
geth    | INFO [11-30|02:45:45.579] Looking for peers                        peercount=1 tried=22 static=0
geth    | INFO [11-30|02:45:55.659] Looking for peers                        peercount=1 tried=16 static=0
geth    | INFO [11-30|02:46:05.683] Looking for peers                        peercount=2 tried=25 static=0
geth    | INFO [11-30|02:46:15.691] Looking for peers                        peercount=1 tried=39 static=0
geth    | INFO [11-30|02:46:26.029] Looking for peers                        peercount=1 tried=28 static=0
geth    | INFO [11-30|02:46:36.054] Looking for peers                        peercount=1 tried=25 static=0
geth    | INFO [11-30|02:46:46.393] Looking for peers                        peercount=1 tried=27 static=0
geth    | INFO [11-30|02:46:56.490] Looking for peers                        peercount=1 tried=27 static=0
geth    | INFO [11-30|02:47:06.556] Looking for peers                        peercount=1 tried=23 static=0
geth    | INFO [11-30|02:47:16.624] Looking for peers                        peercount=1 tried=30 static=0
geth    | INFO [11-30|02:47:26.748] Looking for peers                        peercount=1 tried=28 static=0
geth    | INFO [11-30|02:47:36.908] Looking for peers                        peercount=2 tried=25 static=0
geth    | INFO [11-30|02:47:47.074] Looking for peers                        peercount=1 tried=26 static=0
geth    | INFO [11-30|02:47:57.559] Looking for peers                        peercount=1 tried=31 static=0
geth    | INFO [11-30|02:48:08.410] Looking for peers                        peercount=2 tried=35 static=0
geth    | INFO [11-30|02:48:18.651] Looking for peers                        peercount=2 tried=33 static=0
geth    | INFO [11-30|02:48:28.719] Looking for peers                        peercount=2 tried=45 static=0
geth    | INFO [11-30|02:48:38.758] Looking for peers                        peercount=2 tried=22 static=0
geth    | INFO [11-30|02:48:50.881] Looking for peers                        peercount=2 tried=40 static=0
beacon  | Nov 30 02:42:36.024 INFO Logging to file                         path: "/root/.lighthouse/mainnet/beacon/logs/beacon.log"
beacon  | Nov 30 02:42:36.044 INFO Lighthouse started                      version: Lighthouse/v5.3.0-2e0eb6d
beacon  | Nov 30 02:42:36.044 INFO Configured for network                  name: mainnet
beacon  | Nov 30 02:42:36.045 INFO Data directory initialised              datadir: /root/.lighthouse/mainnet
beacon  | Nov 30 02:42:36.058 INFO Deposit contract                        address: 0x00000000219ab540356cbb839cbe05303d7705fa, deploy_block: 11184524
beacon  | Nov 30 02:42:39.018 INFO Hot-Cold DB initialized                 split_state: 0x8649d0e1e2949fd9ac644a2cc8d9d5e5fdb2d15e632d58092e0c919d6222f364, split_slot: 10503040, service: freezer_db
beacon  | Nov 30 02:42:39.021 INFO Blob DB initialized                     oldest_blob_slot: Some(Slot(10483008)), path: "/root/.lighthouse/mainnet/beacon/blobs_db", service: freezer_db
beacon  | Nov 30 02:42:39.463 INFO Refusing to checkpoint sync             msg: database already exists, use --purge-db to force checkpoint sync, service: beacon
beacon  | Nov 30 02:42:39.463 INFO Starting beacon chain                   method: resume, service: beacon
beacon  | Nov 30 02:43:57.391 INFO Block production disabled               reason: no eth1 backend configured
beacon  | Nov 30 02:43:57.507 WARN State cache missed                      block_root: 0x4b5b215a8059ad9946341651ba451ad4a2fc76f1d92282d4bf9f6c05d52a526a, state_root: 0xb5aa19a39284e56df2376d87c50aa828dab03f8f4783ed047b4ce8282de6c95f, service: freezer_db
beacon  | Nov 30 02:45:09.766 INFO Logging to file                         path: "/root/.lighthouse/mainnet/beacon/logs/beacon.log"
beacon  | Nov 30 02:45:09.782 INFO Lighthouse started                      version: Lighthouse/v5.3.0-2e0eb6d
beacon  | Nov 30 02:45:09.782 INFO Configured for network                  name: mainnet
beacon  | Nov 30 02:45:09.783 INFO Data directory initialised              datadir: /root/.lighthouse/mainnet
beacon  | Nov 30 02:45:09.796 INFO Deposit contract                        address: 0x00000000219ab540356cbb839cbe05303d7705fa, deploy_block: 11184524
beacon  | Nov 30 02:45:10.465 INFO Hot-Cold DB initialized                 split_state: 0x8649d0e1e2949fd9ac644a2cc8d9d5e5fdb2d15e632d58092e0c919d6222f364, split_slot: 10503040, service: freezer_db
beacon  | Nov 30 02:45:10.466 INFO Blob DB initialized                     oldest_blob_slot: Some(Slot(10483008)), path: "/root/.lighthouse/mainnet/beacon/blobs_db", service: freezer_db
beacon  | Nov 30 02:45:10.616 INFO Refusing to checkpoint sync             msg: database already exists, use --purge-db to force checkpoint sync, service: beacon
beacon  | Nov 30 02:45:10.616 INFO Starting beacon chain                   method: resume, service: beacon
beacon  | Nov 30 02:45:25.030 INFO Block production disabled               reason: no eth1 backend configured
beacon  | Nov 30 02:45:25.170 WARN State cache missed                      block_root: 0x4b5b215a8059ad9946341651ba451ad4a2fc76f1d92282d4bf9f6c05d52a526a, state_root: 0xb5aa19a39284e56df2376d87c50aa828dab03f8f4783ed047b4ce8282de6c95f, service: freezer_db
beacon  | Nov 30 02:45:57.691 INFO Logging to file                         path: "/root/.lighthouse/mainnet/beacon/logs/beacon.log"
beacon  | Nov 30 02:45:57.706 INFO Lighthouse started                      version: Lighthouse/v5.3.0-2e0eb6d
beacon  | Nov 30 02:45:57.706 INFO Configured for network                  name: mainnet
beacon  | Nov 30 02:45:57.707 INFO Data directory initialised              datadir: /root/.lighthouse/mainnet
beacon  | Nov 30 02:45:57.720 INFO Deposit contract                        address: 0x00000000219ab540356cbb839cbe05303d7705fa, deploy_block: 11184524
beacon  | Nov 30 02:45:58.347 INFO Hot-Cold DB initialized                 split_state: 0x8649d0e1e2949fd9ac644a2cc8d9d5e5fdb2d15e632d58092e0c919d6222f364, split_slot: 10503040, service: freezer_db
beacon  | Nov 30 02:45:58.349 INFO Blob DB initialized                     oldest_blob_slot: Some(Slot(10483008)), path: "/root/.lighthouse/mainnet/beacon/blobs_db", service: freezer_db
beacon  | Nov 30 02:45:58.501 INFO Refusing to checkpoint sync             msg: database already exists, use --purge-db to force checkpoint sync, service: beacon
beacon  | Nov 30 02:45:58.501 INFO Starting beacon chain                   method: resume, service: beacon
beacon  | Nov 30 02:46:13.363 INFO Block production disabled               reason: no eth1 backend configured
beacon  | Nov 30 02:46:13.486 WARN State cache missed                      block_root: 0x4b5b215a8059ad9946341651ba451ad4a2fc76f1d92282d4bf9f6c05d52a526a, state_root: 0xb5aa19a39284e56df2376d87c50aa828dab03f8f4783ed047b4ce8282de6c95f, service: freezer_db
beacon  | Nov 30 02:46:44.334 INFO Logging to file                         path: "/root/.lighthouse/mainnet/beacon/logs/beacon.log"
beacon  | Nov 30 02:46:44.351 INFO Lighthouse started                      version: Lighthouse/v5.3.0-2e0eb6d
beacon  | Nov 30 02:46:44.351 INFO Configured for network                  name: mainnet
beacon  | Nov 30 02:46:44.352 INFO Data directory initialised              datadir: /root/.lighthouse/mainnet
beacon  | Nov 30 02:46:44.365 INFO Deposit contract                        address: 0x00000000219ab540356cbb839cbe05303d7705fa, deploy_block: 11184524
beacon  | Nov 30 02:46:44.984 INFO Hot-Cold DB initialized                 split_state: 0x8649d0e1e2949fd9ac644a2cc8d9d5e5fdb2d15e632d58092e0c919d6222f364, split_slot: 10503040, service: freezer_db
beacon  | Nov 30 02:46:44.985 INFO Blob DB initialized                     oldest_blob_slot: Some(Slot(10483008)), path: "/root/.lighthouse/mainnet/beacon/blobs_db", service: freezer_db
beacon  | Nov 30 02:46:45.245 INFO Refusing to checkpoint sync             msg: database already exists, use --purge-db to force checkpoint sync, service: beacon
beacon  | Nov 30 02:46:45.245 INFO Starting beacon chain                   method: resume, service: beacon
beacon  | Nov 30 02:47:00.724 INFO Block production disabled               reason: no eth1 backend configured
beacon  | Nov 30 02:47:00.811 WARN State cache missed                      block_root: 0x4b5b215a8059ad9946341651ba451ad4a2fc76f1d92282d4bf9f6c05d52a526a, state_root: 0xb5aa19a39284e56df2376d87c50aa828dab03f8f4783ed047b4ce8282de6c95f, service: freezer_db
beacon  | Nov 30 02:47:31.667 INFO Logging to file                         path: "/root/.lighthouse/mainnet/beacon/logs/beacon.log"
beacon  | Nov 30 02:47:31.694 INFO Lighthouse started                      version: Lighthouse/v5.3.0-2e0eb6d
beacon  | Nov 30 02:47:31.695 INFO Configured for network                  name: mainnet
beacon  | Nov 30 02:47:31.696 INFO Data directory initialised              datadir: /root/.lighthouse/mainnet
beacon  | Nov 30 02:47:31.714 INFO Deposit contract                        address: 0x00000000219ab540356cbb839cbe05303d7705fa, deploy_block: 11184524
beacon  | Nov 30 02:47:32.499 INFO Hot-Cold DB initialized                 split_state: 0x8649d0e1e2949fd9ac644a2cc8d9d5e5fdb2d15e632d58092e0c919d6222f364, split_slot: 10503040, service: freezer_db
beacon  | Nov 30 02:47:32.501 INFO Blob DB initialized                     oldest_blob_slot: Some(Slot(10483008)), path: "/root/.lighthouse/mainnet/beacon/blobs_db", service: freezer_db
beacon  | Nov 30 02:47:32.653 INFO Refusing to checkpoint sync             msg: database already exists, use --purge-db to force checkpoint sync, service: beacon
beacon  | Nov 30 02:47:32.653 INFO Starting beacon chain                   method: resume, service: beacon
beacon  | Nov 30 02:47:48.626 INFO Block production disabled               reason: no eth1 backend configured
beacon  | Nov 30 02:47:48.738 WARN State cache missed                      block_root: 0x4b5b215a8059ad9946341651ba451ad4a2fc76f1d92282d4bf9f6c05d52a526a, state_root: 0xb5aa19a39284e56df2376d87c50aa828dab03f8f4783ed047b4ce8282de6c95f, service: freezer_db
beacon  | Nov 30 02:48:16.881 INFO Logging to file                         path: "/root/.lighthouse/mainnet/beacon/logs/beacon.log"
beacon  | Nov 30 02:48:16.897 INFO Lighthouse started                      version: Lighthouse/v5.3.0-2e0eb6d
beacon  | Nov 30 02:48:16.898 INFO Configured for network                  name: mainnet
beacon  | Nov 30 02:48:16.899 INFO Data directory initialised              datadir: /root/.lighthouse/mainnet
beacon  | Nov 30 02:48:16.912 INFO Deposit contract                        address: 0x00000000219ab540356cbb839cbe05303d7705fa, deploy_block: 11184524
beacon  | Nov 30 02:48:17.636 INFO Hot-Cold DB initialized                 split_state: 0x8649d0e1e2949fd9ac644a2cc8d9d5e5fdb2d15e632d58092e0c919d6222f364, split_slot: 10503040, service: freezer_db
beacon  | Nov 30 02:48:17.639 INFO Blob DB initialized                     oldest_blob_slot: Some(Slot(10483008)), path: "/root/.lighthouse/mainnet/beacon/blobs_db", service: freezer_db
beacon  | Nov 30 02:48:17.790 INFO Refusing to checkpoint sync             msg: database already exists, use --purge-db to force checkpoint sync, service: beacon
beacon  | Nov 30 02:48:17.790 INFO Starting beacon chain                   method: resume, service: beacon
beacon  | Nov 30 02:48:33.252 INFO Block production disabled               reason: no eth1 backend configured
beacon  | Nov 30 02:48:33.342 WARN State cache missed                      block_root: 0x4b5b215a8059ad9946341651ba451ad4a2fc76f1d92282d4bf9f6c05d52a526a, state_root: 0xb5aa19a39284e56df2376d87c50aa828dab03f8f4783ed047b4ce8282de6c95f, service: freezer_db
beacon  | Nov 30 02:48:57.197 INFO Logging to file                         path: "/root/.lighthouse/mainnet/beacon/logs/beacon.log"
beacon  | Nov 30 02:48:57.230 INFO Lighthouse started                      version: Lighthouse/v5.3.0-2e0eb6d
beacon  | Nov 30 02:48:57.230 INFO Configured for network                  name: mainnet
beacon  | Nov 30 02:48:57.232 INFO Data directory initialised              datadir: /root/.lighthouse/mainnet
beacon  | Nov 30 02:48:57.251 INFO Deposit contract                        address: 0x00000000219ab540356cbb839cbe05303d7705fa, deploy_block: 11184524
beacon  | Nov 30 02:48:57.951 INFO Hot-Cold DB initialized                 split_state: 0x8649d0e1e2949fd9ac644a2cc8d9d5e5fdb2d15e632d58092e0c919d6222f364, split_slot: 10503040, service: freezer_db
beacon  | Nov 30 02:48:57.952 INFO Blob DB initialized                     oldest_blob_slot: Some(Slot(10483008)), path: "/root/.lighthouse/mainnet/beacon/blobs_db", service: freezer_db
beacon  | Nov 30 02:48:58.103 INFO Refusing to checkpoint sync             msg: database already exists, use --purge-db to force checkpoint sync, service: beacon
beacon  | Nov 30 02:48:58.103 INFO Starting beacon chain                   method: resume, service: beacon
beacon  | Nov 30 02:49:13.678 INFO Block production disabled               reason: no eth1 backend configured
beacon  | Nov 30 02:49:13.767 WARN State cache missed                      block_root: 0x4b5b215a8059ad9946341651ba451ad4a2fc76f1d92282d4bf9f6c05d52a526a, state_root: 0xb5aa19a39284e56df2376d87c50aa828dab03f8f4783ed047b4ce8282de6c95f, service: freezer_db
beacon exited with code 137
geth    | WARN [11-30|02:49:41.335] Post-merge network, but no beacon client seen. Please launch one to follow the chain!
beacon  | Nov 30 02:49:42.119 INFO Logging to file                         path: "/root/.lighthouse/mainnet/beacon/logs/beacon.log"
beacon  | Nov 30 02:49:42.138 INFO Lighthouse started                      version: Lighthouse/v5.3.0-2e0eb6d
beacon  | Nov 30 02:49:42.138 INFO Configured for network                  name: mainnet
beacon  | Nov 30 02:49:42.139 INFO Data directory initialised              datadir: /root/.lighthouse/mainnet
beacon  | Nov 30 02:49:42.153 INFO Deposit contract                        address: 0x00000000219ab540356cbb839cbe05303d7705fa, deploy_block: 11184524
beacon  | Nov 30 02:49:42.933 INFO Hot-Cold DB initialized                 split_state: 0x8649d0e1e2949fd9ac644a2cc8d9d5e5fdb2d15e632d58092e0c919d6222f364, split_slot: 10503040, service: freezer_db
beacon  | Nov 30 02:49:42.935 INFO Blob DB initialized                     oldest_blob_slot: Some(Slot(10483008)), path: "/root/.lighthouse/mainnet/beacon/blobs_db", service: freezer_db
beacon  | Nov 30 02:49:43.195 INFO Refusing to checkpoint sync             msg: database already exists, use --purge-db to force checkpoint sync, service: beacon
beacon  | Nov 30 02:49:43.195 INFO Starting beacon chain                   method: resume, service: beacon
beacon  | Nov 30 02:49:57.734 INFO Block production disabled               reason: no eth1 backend configured
beacon  | Nov 30 02:49:57.849 WARN State cache missed                      block_root: 0x4b5b215a8059ad9946341651ba451ad4a2fc76f1d92282d4bf9f6c05d52a526a, state_root: 0xb5aa19a39284e56df2376d87c50aa828dab03f8f4783ed047b4ce8282de6c95f, service: freezer_db
^Z
[7]+  Detenido                sudo docker compose logs -f
bernardo@bernardo-Lenovo-B590:~/Docker$ 
