bernardo@bernardo-Lenovo-B590:~/Docker$ sudo docker compose logs geth -f
[sudo] contraseña para bernardo: 
geth  | INFO [11-29|20:30:57.110] Starting Geth on Ethereum mainnet...
geth  | INFO [11-29|20:30:57.113] Maximum peer count                       ETH=30 total=30
geth  | INFO [11-29|20:30:57.116] Smartcard socket not found, disabling    err="stat /run/pcscd/pcscd.comm: no such file or directory"
geth  | INFO [11-29|20:30:57.116] Using pebble as db engine
geth  | INFO [11-29|20:30:57.122] Set global gas cap                       cap=50,000,000
geth  | INFO [11-29|20:30:57.123] Initializing the KZG library             backend=gokzg
geth  | INFO [11-29|20:30:57.349] Allocated trie memory caches             clean=76.00MiB dirty=128.00MiB
geth  | INFO [11-29|20:30:57.353] Using pebble as the backing database
geth  | INFO [11-29|20:30:57.353] Allocated cache and file handles         database=/root/.ethereum/geth/chaindata cache=256.00MiB handles=262,144
geth  | INFO [11-29|20:31:27.673] Opened ancient database                  database=/root/.ethereum/geth/chaindata/ancient/chain readonly=false
geth  | INFO [11-29|20:31:28.348] State scheme set to already existing     scheme=path
geth  | INFO [11-29|20:31:28.588] Initialising Ethereum protocol           network=1 dbversion=8
geth  | INFO [11-29|20:31:28.736] Failed to load journal, discard it       err="unmatched journal want d7f8974fb5ac78d9ac099b9ad5018bedc2ce0a72dad1827a1709da30580f0544 got 56e81f171bcc55a6ff8345e692c0f86e5b48e01b996cadc001622fb5e363b421"
geth  | INFO [11-29|20:31:28.955] Opened ancient database                  database=/root/.ethereum/geth/chaindata/ancient/state readonly=false
geth  | INFO [11-29|20:31:28.956] Disabled trie database due to state sync
geth  | INFO [11-29|20:31:28.956] Initialized path database                cache=76.00MiB buffer=128.00MiB history=90000
geth  | INFO [11-29|20:31:29.158] 
geth  | INFO [11-29|20:31:29.158] ---------------------------------------------------------------------------------------------------------------------------------------------------------
geth  | INFO [11-29|20:31:29.158] Chain ID:  1 (mainnet)
geth  | INFO [11-29|20:31:29.158] Consensus: Beacon (proof-of-stake), merged from Ethash (proof-of-work)
geth  | INFO [11-29|20:31:29.158] 
geth  | INFO [11-29|20:31:29.158] Pre-Merge hard forks (block based):
geth  | INFO [11-29|20:31:29.158]  - Homestead:                   #1150000  (https://github.com/ethereum/execution-specs/blob/master/network-upgrades/mainnet-upgrades/homestead.md)
geth  | INFO [11-29|20:31:29.158]  - DAO Fork:                    #1920000  (https://github.com/ethereum/execution-specs/blob/master/network-upgrades/mainnet-upgrades/dao-fork.md)
geth  | INFO [11-29|20:31:29.158]  - Tangerine Whistle (EIP 150): #2463000  (https://github.com/ethereum/execution-specs/blob/master/network-upgrades/mainnet-upgrades/tangerine-whistle.md)
geth  | INFO [11-29|20:31:29.158]  - Spurious Dragon/1 (EIP 155): #2675000  (https://github.com/ethereum/execution-specs/blob/master/network-upgrades/mainnet-upgrades/spurious-dragon.md)
geth  | INFO [11-29|20:31:29.158]  - Spurious Dragon/2 (EIP 158): #2675000  (https://github.com/ethereum/execution-specs/blob/master/network-upgrades/mainnet-upgrades/spurious-dragon.md)
geth  | INFO [11-29|20:31:29.158]  - Byzantium:                   #4370000  (https://github.com/ethereum/execution-specs/blob/master/network-upgrades/mainnet-upgrades/byzantium.md)
geth  | INFO [11-29|20:31:29.158]  - Constantinople:              #7280000  (https://github.com/ethereum/execution-specs/blob/master/network-upgrades/mainnet-upgrades/constantinople.md)
geth  | INFO [11-29|20:31:29.158]  - Petersburg:                  #7280000  (https://github.com/ethereum/execution-specs/blob/master/network-upgrades/mainnet-upgrades/petersburg.md)
geth  | INFO [11-29|20:31:29.158]  - Istanbul:                    #9069000  (https://github.com/ethereum/execution-specs/blob/master/network-upgrades/mainnet-upgrades/istanbul.md)
geth  | INFO [11-29|20:31:29.158]  - Muir Glacier:                #9200000  (https://github.com/ethereum/execution-specs/blob/master/network-upgrades/mainnet-upgrades/muir-glacier.md)
geth  | INFO [11-29|20:31:29.158]  - Berlin:                      #12244000 (https://github.com/ethereum/execution-specs/blob/master/network-upgrades/mainnet-upgrades/berlin.md)
geth  | INFO [11-29|20:31:29.158]  - London:                      #12965000 (https://github.com/ethereum/execution-specs/blob/master/network-upgrades/mainnet-upgrades/london.md)
geth  | INFO [11-29|20:31:29.158]  - Arrow Glacier:               #13773000 (https://github.com/ethereum/execution-specs/blob/master/network-upgrades/mainnet-upgrades/arrow-glacier.md)
geth  | INFO [11-29|20:31:29.158]  - Gray Glacier:                #15050000 (https://github.com/ethereum/execution-specs/blob/master/network-upgrades/mainnet-upgrades/gray-glacier.md)
geth  | INFO [11-29|20:31:29.158] 
geth  | INFO [11-29|20:31:29.159] Merge configured:
geth  | INFO [11-29|20:31:29.159]  - Hard-fork specification:    https://github.com/ethereum/execution-specs/blob/master/network-upgrades/mainnet-upgrades/paris.md
geth  | INFO [11-29|20:31:29.159]  - Network known to be merged
geth  | INFO [11-29|20:31:29.159]  - Total terminal difficulty:  58750000000000000000000
geth  | INFO [11-29|20:31:29.159] 
geth  | INFO [11-29|20:31:29.159] Post-Merge hard forks (timestamp based):
geth  | INFO [11-29|20:31:29.159]  - Shanghai:                    @1681338455 (https://github.com/ethereum/execution-specs/blob/master/network-upgrades/mainnet-upgrades/shanghai.md)
geth  | INFO [11-29|20:31:29.159]  - Cancun:                      @1710338135 (https://github.com/ethereum/execution-specs/blob/master/network-upgrades/mainnet-upgrades/cancun.md)
geth  | INFO [11-29|20:31:29.159] 
geth  | INFO [11-29|20:31:29.159] ---------------------------------------------------------------------------------------------------------------------------------------------------------
geth  | INFO [11-29|20:31:29.159] 
geth  | INFO [11-29|20:31:29.507] Loaded most recent local header          number=18,013,273 hash=5bac36..6d2f96 td=58,750,003,716,598,352,816,469 age=1y3mo1w
geth  | INFO [11-29|20:31:29.507] Loaded most recent local block           number=0          hash=d4e567..cb8fa3 td=17,179,869,184                 age=55y8mo2w
geth  | INFO [11-29|20:31:29.548] Loaded most recent local snap block      number=17,976,492 hash=0dbb38..6828a9 td=58,750,003,716,598,352,816,469 age=1y3mo2w
geth  | INFO [11-29|20:31:29.548] Loaded last snap-sync pivot marker       number=21,291,273
geth  | INFO [11-29|20:31:29.550] Genesis state is missing, wait state sync
geth  | WARN [11-29|20:31:29.738] Snapshot maintenance disabled (syncing)
geth  | INFO [11-29|20:31:29.738] Initialized transaction indexer          range="last 2350000 blocks"
geth  | INFO [11-29|20:31:29.738] Loaded local transaction journal         transactions=0 dropped=0
geth  | INFO [11-29|20:31:30.220] Enabled snap sync                        head=0 hash=d4e567..cb8fa3
geth  | INFO [11-29|20:31:30.220] Gasprice oracle is ignoring threshold set threshold=2
geth  | WARN [11-29|20:31:30.223] Unclean shutdown detected                booted=2024-11-25T15:07:37+0000 age=4d5h23m
geth  | WARN [11-29|20:31:30.223] Unclean shutdown detected                booted=2024-11-25T15:46:36+0000 age=4d4h44m
geth  | WARN [11-29|20:31:30.223] Unclean shutdown detected                booted=2024-11-26T12:33:44+0000 age=3d7h57m
geth  | WARN [11-29|20:31:30.223] Unclean shutdown detected                booted=2024-11-26T21:13:45+0000 age=2d23h17m
geth  | WARN [11-29|20:31:30.223] Unclean shutdown detected                booted=2024-11-28T11:46:01+0000 age=1d8h45m
geth  | WARN [11-29|20:31:30.223] Unclean shutdown detected                booted=2024-11-28T20:35:05+0000 age=23h56m25s
geth  | WARN [11-29|20:31:30.223] Unclean shutdown detected                booted=2024-11-29T06:09:27+0000 age=14h22m3s
geth  | WARN [11-29|20:31:30.224] Engine API enabled                       protocol=eth
geth  | INFO [11-29|20:31:30.224] Starting peer-to-peer node               instance=Geth/v1.14.13-unstable-6485d5e3-20241122/linux-amd64/go1.23.3
geth  | INFO [11-29|20:31:33.510] New local node record                    seq=1,732,537,759,953 id=f8d8345dbb351a77 ip=127.0.0.1 udp=30303 tcp=30303
geth  | INFO [11-29|20:31:34.595] Started P2P networking                   self=enode://ce2cc8259380a4bb446975fe4a40967e1c249635545872c0041f8e759532a8e9c89ed17db6364790d9851ba36b9a8df1b643b0f68b809da2a1a611ff76a37625@127.0.0.1:30303
geth  | INFO [11-29|20:31:34.596] IPC endpoint opened                      url=/root/.ethereum/geth.ipc
geth  | INFO [11-29|20:31:34.652] Loaded JWT secret file                   path=/root/.ethereum/geth/jwtsecret crc32=0xec5cf05
geth  | INFO [11-29|20:31:34.654] HTTP server started                      endpoint=[::]:8545 auth=false prefix= cors=* vhosts=localhost
geth  | INFO [11-29|20:31:34.655] WebSocket enabled                        url=ws://[::]:8551
geth  | INFO [11-29|20:31:34.655] HTTP server started                      endpoint=[::]:8551 auth=true  prefix= cors=localhost vhosts=*
geth  | INFO [11-29|20:31:40.015] New local node record                    seq=1,732,537,759,954 id=f8d8345dbb351a77 ip=190.17.30.146 udp=30303 tcp=30303
geth  | INFO [11-29|20:31:49.840] Looking for peers                        peercount=2 tried=45 static=0
geth  | WARN [11-29|20:32:05.226] Post-merge network, but no beacon client seen. Please launch one to follow the chain!
geth  | INFO [11-29|20:36:15.476] New local node record                    seq=1,732,537,759,955 id=f8d8345dbb351a77 ip=190.17.30.146 udp=1237  tcp=30303
geth  | INFO [11-29|20:36:15.491] New local node record                    seq=1,732,537,759,956 id=f8d8345dbb351a77 ip=190.17.30.146 udp=30303 tcp=30303
geth  | INFO [11-29|20:36:15.832] New local node record                    seq=1,732,537,759,957 id=f8d8345dbb351a77 ip=190.17.30.146 udp=1237  tcp=30303
geth  | WARN [11-29|20:37:05.262] Post-merge network, but no beacon client seen. Please launch one to follow the chain!
geth  | INFO [11-29|20:40:36.450] New local node record                    seq=1,732,537,759,958 id=f8d8345dbb351a77 ip=190.17.30.146 udp=61415 tcp=30303
geth  | WARN [11-29|20:42:05.297] Post-merge network, but no beacon client seen. Please launch one to follow the chain!
geth  | WARN [11-29|20:47:05.336] Post-merge network, but no beacon client seen. Please launch one to follow the chain!
geth  | WARN [11-29|20:52:05.374] Post-merge network, but no beacon client seen. Please launch one to follow the chain!
geth  | INFO [11-29|20:53:29.800] New local node record                    seq=1,732,537,759,959 id=f8d8345dbb351a77 ip=190.17.30.146 udp=1237  tcp=30303
geth  | INFO [11-29|20:53:31.255] New local node record                    seq=1,732,537,759,960 id=f8d8345dbb351a77 ip=190.17.30.146 udp=61415 tcp=30303
geth  | INFO [11-29|20:53:31.639] New local node record                    seq=1,732,537,759,961 id=f8d8345dbb351a77 ip=190.17.30.146 udp=1237  tcp=30303
geth  | WARN [11-29|20:57:05.409] Post-merge network, but no beacon client seen. Please launch one to follow the chain!
geth  | WARN [11-29|21:02:05.443] Post-merge network, but no beacon client seen. Please launch one to follow the chain!
geth  | WARN [11-29|21:07:05.478] Post-merge network, but no beacon client seen. Please launch one to follow the chain!
geth  | INFO [11-29|21:08:02.752] New local node record                    seq=1,732,537,759,962 id=f8d8345dbb351a77 ip=190.17.30.146 udp=61415 tcp=30303
geth  | WARN [11-29|21:12:05.521] Post-merge network, but no beacon client seen. Please launch one to follow the chain!
geth  | WARN [11-29|21:17:05.553] Post-merge network, but no beacon client seen. Please launch one to follow the chain!
geth  | WARN [11-29|21:22:05.590] Post-merge network, but no beacon client seen. Please launch one to follow the chain!
geth  | INFO [11-29|21:22:51.702] New local node record                    seq=1,732,537,759,963 id=f8d8345dbb351a77 ip=190.17.30.146 udp=30303 tcp=30303
geth  | WARN [11-29|21:27:05.630] Post-merge network, but no beacon client seen. Please launch one to follow the chain!
geth  | INFO [11-29|21:30:15.502] New local node record                    seq=1,732,537,759,964 id=f8d8345dbb351a77 ip=190.17.30.146 udp=6305  tcp=30303
geth  | WARN [11-29|21:32:05.669] Post-merge network, but no beacon client seen. Please launch one to follow the chain!
geth  | WARN [11-29|21:37:05.705] Post-merge network, but no beacon client seen. Please launch one to follow the chain!
geth  | INFO [11-29|21:39:24.414] New local node record                    seq=1,732,537,759,965 id=f8d8345dbb351a77 ip=190.17.30.146 udp=1237  tcp=30303
^Z
[1]+  Detenido                sudo docker compose logs geth -f
bernardo@bernardo-Lenovo-B590:~/Docker$ 
